  % Total    % Received % Xferd  Average Speed   Time    Time     Time  Current
                                 Dload  Upload   Total   Spent    Left  Speed
  0     0    0     0    0     0      0      0 --:--:-- --:--:-- --:--:--     0*   Trying 18.118.8.236...
* TCP_NODELAY set
* Connected to ec2-18-118-8-236.us-east-2.compute.amazonaws.com (18.118.8.236) port 80 (#0)
  0     0    0     0    0     0      0      0 --:--:-- --:--:-- --:--:--     0> GET / HTTP/1.1
> Host: ec2-18-118-8-236.us-east-2.compute.amazonaws.com
> User-Agent: curl/7.54.0
> Accept: */*
> Cookie: login=eyJsb2duYW1lIjoiYXdkZW9yaW8ifQ.YWy--Q.kTCkUwRU_qAUO0DbKE9hgKxiWU4
> 
< HTTP/1.1 200 OK
< Server: nginx/1.18.0 (Ubuntu)
< Date: Mon, 18 Oct 2021 00:28:40 GMT
< Content-Type: text/html; charset=utf-8
< Content-Length: 6953
< Connection: keep-alive
< Vary: Cookie
< 
{ [6953 bytes data]
100  6953  100  6953    0     0    99k      0 --:--:-- --:--:-- --:--:--   98k
* Connection #0 to host ec2-18-118-8-236.us-east-2.compute.amazonaws.com left intact
